2020-11-23 01:22:15 INFO  EmployeesRestAPI:35 - *********Started TC001_Get_All_Employees **********
2020-11-23 01:22:19 INFO  EmployeesRestAPI:131 - ***********  Checking Content Lenght**********
2020-11-23 01:22:19 INFO  EmployeesRestAPI:134 - Content Length is==>595
2020-11-23 01:22:19 INFO  EmployeesRestAPI:98 - ***********  Checking Content Type **********
2020-11-23 01:22:19 INFO  EmployeesRestAPI:101 - Content type is ==>application/json;charset=utf-8
2020-11-23 01:22:19 INFO  EmployeesRestAPI:146 - ***********  Checking Cookies **********
2020-11-23 01:22:19 INFO  EmployeesRestAPI:69 - ***********  Checking Response Time **********
2020-11-23 01:22:19 INFO  EmployeesRestAPI:72 - Response Time is ==>1670
2020-11-23 01:22:19 INFO  EmployeesRestAPI:47 - ***********  Checking Respose Body **********
2020-11-23 01:22:19 INFO  EmployeesRestAPI:50 - Response Body==>{"status":"success","data":[{"id":"1","employee_name":"Tiger Nixon","employee_salary":"320800","employee_age":"61","profile_image":""},{"id":"2","employee_name":"Garrett Winters","employee_salary":"170750","employee_age":"63","profile_image":""},{"id":"3","employee_name":"Ashton Cox","employee_salary":"86000","employee_age":"66","profile_image":""},{"id":"4","employee_name":"Cedric Kelly","employee_salary":"433060","employee_age":"22","profile_image":""},{"id":"5","employee_name":"Airi Satou","employee_salary":"162700","employee_age":"33","profile_image":""},{"id":"6","employee_name":"Brielle Williamson","employee_salary":"372000","employee_age":"61","profile_image":""},{"id":"7","employee_name":"Herrod Chandler","employee_salary":"137500","employee_age":"59","profile_image":""},{"id":"8","employee_name":"Rhona Davidson","employee_salary":"327900","employee_age":"55","profile_image":""},{"id":"9","employee_name":"Colleen Hurst","employee_salary":"205500","employee_age":"39","profile_image":""},{"id":"10","employee_name":"Sonya Frost","employee_salary":"103600","employee_age":"23","profile_image":""},{"id":"11","employee_name":"Jena Gaines","employee_salary":"90560","employee_age":"30","profile_image":""},{"id":"12","employee_name":"Quinn Flynn","employee_salary":"342000","employee_age":"22","profile_image":""},{"id":"13","employee_name":"Charde Marshall","employee_salary":"470600","employee_age":"36","profile_image":""},{"id":"14","employee_name":"Haley Kennedy","employee_salary":"313500","employee_age":"43","profile_image":""},{"id":"15","employee_name":"Tatyana Fitzpatrick","employee_salary":"385750","employee_age":"19","profile_image":""},{"id":"16","employee_name":"Michael Silva","employee_salary":"198500","employee_age":"66","profile_image":""},{"id":"17","employee_name":"Paul Byrd","employee_salary":"725000","employee_age":"64","profile_image":""},{"id":"18","employee_name":"Gloria Little","employee_salary":"237500","employee_age":"59","profile_image":""},{"id":"19","employee_name":"Bradley Greer","employee_salary":"132000","employee_age":"41","profile_image":""},{"id":"20","employee_name":"Dai Rios","employee_salary":"217500","employee_age":"35","profile_image":""},{"id":"21","employee_name":"Jenette Caldwell","employee_salary":"345000","employee_age":"30","profile_image":""},{"id":"22","employee_name":"Yuri Berry","employee_salary":"675000","employee_age":"40","profile_image":""},{"id":"23","employee_name":"Caesar Vance","employee_salary":"106450","employee_age":"21","profile_image":""},{"id":"24","employee_name":"Doris Wilder","employee_salary":"85600","employee_age":"23","profile_image":""}]}
2020-11-23 01:22:19 INFO  EmployeesRestAPI:58 - ***********  Checking Status Code **********
2020-11-23 01:22:19 INFO  EmployeesRestAPI:61 - Status Code is ==>200
2020-11-23 01:22:19 INFO  EmployeesRestAPI:119 - ***********  Checking Content Encoding**********
2020-11-23 01:22:19 INFO  EmployeesRestAPI:122 - Content Encoding is==>gzip
2020-11-23 01:22:19 INFO  EmployeesRestAPI:108 - ***********  Checking Server Type **********
2020-11-23 01:22:19 INFO  EmployeesRestAPI:111 - Server Type is =>nginx/1.16.0
2020-11-23 01:22:19 INFO  EmployeesRestAPI:85 - ***********  Checking Status Line **********
2020-11-23 01:22:19 INFO  EmployeesRestAPI:88 - Status Line is ==>HTTP/1.1 200 OK
2020-11-23 01:22:19 INFO  EmployeesRestAPI:156 - *********  Finished TC001_Get_All_Employees **********
2020-11-23 01:30:28 INFO  EmployeesRestAPI:20 - *********Started TC001_Get_All_Employees **********
2020-11-23 01:30:32 INFO  EmployeesRestAPI:116 - ***********  Checking Content Lenght**********
2020-11-23 01:30:32 INFO  EmployeesRestAPI:119 - Content Length is==>595
2020-11-23 01:30:32 INFO  EmployeesRestAPI:83 - ***********  Checking Content Type **********
2020-11-23 01:30:32 INFO  EmployeesRestAPI:86 - Content type is ==>application/json;charset=utf-8
2020-11-23 01:30:32 INFO  EmployeesRestAPI:131 - ***********  Checking Cookies **********
2020-11-23 01:30:32 INFO  EmployeesRestAPI:54 - ***********  Checking Response Time **********
2020-11-23 01:30:32 INFO  EmployeesRestAPI:57 - Response Time is ==>1704
2020-11-23 01:30:32 INFO  EmployeesRestAPI:32 - ***********  Checking Respose Body **********
2020-11-23 01:30:32 INFO  EmployeesRestAPI:35 - Response Body==>{"status":"success","data":[{"id":"1","employee_name":"Tiger Nixon","employee_salary":"320800","employee_age":"61","profile_image":""},{"id":"2","employee_name":"Garrett Winters","employee_salary":"170750","employee_age":"63","profile_image":""},{"id":"3","employee_name":"Ashton Cox","employee_salary":"86000","employee_age":"66","profile_image":""},{"id":"4","employee_name":"Cedric Kelly","employee_salary":"433060","employee_age":"22","profile_image":""},{"id":"5","employee_name":"Airi Satou","employee_salary":"162700","employee_age":"33","profile_image":""},{"id":"6","employee_name":"Brielle Williamson","employee_salary":"372000","employee_age":"61","profile_image":""},{"id":"7","employee_name":"Herrod Chandler","employee_salary":"137500","employee_age":"59","profile_image":""},{"id":"8","employee_name":"Rhona Davidson","employee_salary":"327900","employee_age":"55","profile_image":""},{"id":"9","employee_name":"Colleen Hurst","employee_salary":"205500","employee_age":"39","profile_image":""},{"id":"10","employee_name":"Sonya Frost","employee_salary":"103600","employee_age":"23","profile_image":""},{"id":"11","employee_name":"Jena Gaines","employee_salary":"90560","employee_age":"30","profile_image":""},{"id":"12","employee_name":"Quinn Flynn","employee_salary":"342000","employee_age":"22","profile_image":""},{"id":"13","employee_name":"Charde Marshall","employee_salary":"470600","employee_age":"36","profile_image":""},{"id":"14","employee_name":"Haley Kennedy","employee_salary":"313500","employee_age":"43","profile_image":""},{"id":"15","employee_name":"Tatyana Fitzpatrick","employee_salary":"385750","employee_age":"19","profile_image":""},{"id":"16","employee_name":"Michael Silva","employee_salary":"198500","employee_age":"66","profile_image":""},{"id":"17","employee_name":"Paul Byrd","employee_salary":"725000","employee_age":"64","profile_image":""},{"id":"18","employee_name":"Gloria Little","employee_salary":"237500","employee_age":"59","profile_image":""},{"id":"19","employee_name":"Bradley Greer","employee_salary":"132000","employee_age":"41","profile_image":""},{"id":"20","employee_name":"Dai Rios","employee_salary":"217500","employee_age":"35","profile_image":""},{"id":"21","employee_name":"Jenette Caldwell","employee_salary":"345000","employee_age":"30","profile_image":""},{"id":"22","employee_name":"Yuri Berry","employee_salary":"675000","employee_age":"40","profile_image":""},{"id":"23","employee_name":"Caesar Vance","employee_salary":"106450","employee_age":"21","profile_image":""},{"id":"24","employee_name":"Doris Wilder","employee_salary":"85600","employee_age":"23","profile_image":""}]}
2020-11-23 01:30:32 INFO  EmployeesRestAPI:43 - ***********  Checking Status Code **********
2020-11-23 01:30:32 INFO  EmployeesRestAPI:46 - Status Code is ==>200
2020-11-23 01:30:32 INFO  EmployeesRestAPI:104 - ***********  Checking Content Encoding**********
2020-11-23 01:30:32 INFO  EmployeesRestAPI:107 - Content Encoding is==>gzip
2020-11-23 01:30:32 INFO  EmployeesRestAPI:93 - ***********  Checking Server Type **********
2020-11-23 01:30:32 INFO  EmployeesRestAPI:96 - Server Type is =>nginx/1.16.0
2020-11-23 01:30:32 INFO  EmployeesRestAPI:70 - ***********  Checking Status Line **********
2020-11-23 01:30:32 INFO  EmployeesRestAPI:73 - Status Line is ==>HTTP/1.1 200 OK
2020-11-23 01:30:32 INFO  EmployeesRestAPI:141 - *********  Finished TC001_Get_All_Employees **********
2020-11-23 01:31:17 INFO  EmployeesRestAPI:20 - *********Started TC001_Get_All_Employees **********
2020-11-23 01:31:20 INFO  EmployeesRestAPI:83 - ***********  Checking Content Type **********
2020-11-23 01:31:20 INFO  EmployeesRestAPI:86 - Content type is ==>application/json;charset=utf-8
2020-11-23 01:31:20 INFO  EmployeesRestAPI:93 - ***********  Checking Server Type **********
2020-11-23 01:31:20 INFO  EmployeesRestAPI:96 - Server Type is =>nginx/1.16.0
2020-11-23 01:31:20 INFO  EmployeesRestAPI:141 - *********  Finished TC001_Get_All_Employees **********
2020-11-23 01:35:26 INFO  EmployeesRestAPI:14 - *********Started TC001_Get_All_Employees **********
2020-11-23 01:35:33 INFO  EmployeesRestAPI:24 - pages
2020-11-23 01:37:01 INFO  EmployeesRestAPI:14 - *********Started TC001_Get_All_Employees **********
2020-11-23 01:37:05 INFO  EmployeesRestAPI:24 - pages
2020-11-23 01:41:01 INFO  EmployeesRestAPI:15 - *********Started TC001_Get_All_Employees **********
2020-11-23 01:41:05 INFO  EmployeesRestAPI:25 - -----------Checking Body-------
2020-11-23 01:42:51 INFO  EmployeesRestAPI:15 - *********Started TC001_Get_All_Employees **********
2020-11-23 01:42:54 INFO  EmployeesRestAPI:25 - -----------Checking Body-------
2020-11-23 01:42:54 INFO  EmployeesRestAPI:27 - Response Body =>{"status":"success","data":[{"id":"1","employee_name":"Tiger Nixon","employee_salary":"320800","employee_age":"61","profile_image":""},{"id":"2","employee_name":"Garrett Winters","employee_salary":"170750","employee_age":"63","profile_image":""},{"id":"3","employee_name":"Ashton Cox","employee_salary":"86000","employee_age":"66","profile_image":""},{"id":"4","employee_name":"Cedric Kelly","employee_salary":"433060","employee_age":"22","profile_image":""},{"id":"5","employee_name":"Airi Satou","employee_salary":"162700","employee_age":"33","profile_image":""},{"id":"6","employee_name":"Brielle Williamson","employee_salary":"372000","employee_age":"61","profile_image":""},{"id":"7","employee_name":"Herrod Chandler","employee_salary":"137500","employee_age":"59","profile_image":""},{"id":"8","employee_name":"Rhona Davidson","employee_salary":"327900","employee_age":"55","profile_image":""},{"id":"9","employee_name":"Colleen Hurst","employee_salary":"205500","employee_age":"39","profile_image":""},{"id":"10","employee_name":"Sonya Frost","employee_salary":"103600","employee_age":"23","profile_image":""},{"id":"11","employee_name":"Jena Gaines","employee_salary":"90560","employee_age":"30","profile_image":""},{"id":"12","employee_name":"Quinn Flynn","employee_salary":"342000","employee_age":"22","profile_image":""},{"id":"13","employee_name":"Charde Marshall","employee_salary":"470600","employee_age":"36","profile_image":""},{"id":"14","employee_name":"Haley Kennedy","employee_salary":"313500","employee_age":"43","profile_image":""},{"id":"15","employee_name":"Tatyana Fitzpatrick","employee_salary":"385750","employee_age":"19","profile_image":""},{"id":"16","employee_name":"Michael Silva","employee_salary":"198500","employee_age":"66","profile_image":""},{"id":"17","employee_name":"Paul Byrd","employee_salary":"725000","employee_age":"64","profile_image":""},{"id":"18","employee_name":"Gloria Little","employee_salary":"237500","employee_age":"59","profile_image":""},{"id":"19","employee_name":"Bradley Greer","employee_salary":"132000","employee_age":"41","profile_image":""},{"id":"20","employee_name":"Dai Rios","employee_salary":"217500","employee_age":"35","profile_image":""},{"id":"21","employee_name":"Jenette Caldwell","employee_salary":"345000","employee_age":"30","profile_image":""},{"id":"22","employee_name":"Yuri Berry","employee_salary":"675000","employee_age":"40","profile_image":""},{"id":"23","employee_name":"Caesar Vance","employee_salary":"106450","employee_age":"21","profile_image":""},{"id":"24","employee_name":"Doris Wilder","employee_salary":"85600","employee_age":"23","profile_image":""}]}
2020-11-23 02:03:35 INFO  EmployeesRestAPI:15 - *********Started TC001_Get_All_Employees **********
2020-11-23 02:03:39 INFO  EmployeesRestAPI:25 - -----------Checking Body-------
2020-11-23 02:03:39 INFO  EmployeesRestAPI:27 - Response Body =>{"status":"success","data":[{"id":"1","employee_name":"Tiger Nixon","employee_salary":"320800","employee_age":"61","profile_image":""},{"id":"2","employee_name":"Garrett Winters","employee_salary":"170750","employee_age":"63","profile_image":""},{"id":"3","employee_name":"Ashton Cox","employee_salary":"86000","employee_age":"66","profile_image":""},{"id":"4","employee_name":"Cedric Kelly","employee_salary":"433060","employee_age":"22","profile_image":""},{"id":"5","employee_name":"Airi Satou","employee_salary":"162700","employee_age":"33","profile_image":""},{"id":"6","employee_name":"Brielle Williamson","employee_salary":"372000","employee_age":"61","profile_image":""},{"id":"7","employee_name":"Herrod Chandler","employee_salary":"137500","employee_age":"59","profile_image":""},{"id":"8","employee_name":"Rhona Davidson","employee_salary":"327900","employee_age":"55","profile_image":""},{"id":"9","employee_name":"Colleen Hurst","employee_salary":"205500","employee_age":"39","profile_image":""},{"id":"10","employee_name":"Sonya Frost","employee_salary":"103600","employee_age":"23","profile_image":""},{"id":"11","employee_name":"Jena Gaines","employee_salary":"90560","employee_age":"30","profile_image":""},{"id":"12","employee_name":"Quinn Flynn","employee_salary":"342000","employee_age":"22","profile_image":""},{"id":"13","employee_name":"Charde Marshall","employee_salary":"470600","employee_age":"36","profile_image":""},{"id":"14","employee_name":"Haley Kennedy","employee_salary":"313500","employee_age":"43","profile_image":""},{"id":"15","employee_name":"Tatyana Fitzpatrick","employee_salary":"385750","employee_age":"19","profile_image":""},{"id":"16","employee_name":"Michael Silva","employee_salary":"198500","employee_age":"66","profile_image":""},{"id":"17","employee_name":"Paul Byrd","employee_salary":"725000","employee_age":"64","profile_image":""},{"id":"18","employee_name":"Gloria Little","employee_salary":"237500","employee_age":"59","profile_image":""},{"id":"19","employee_name":"Bradley Greer","employee_salary":"132000","employee_age":"41","profile_image":""},{"id":"20","employee_name":"Dai Rios","employee_salary":"217500","employee_age":"35","profile_image":""},{"id":"21","employee_name":"Jenette Caldwell","employee_salary":"345000","employee_age":"30","profile_image":""},{"id":"22","employee_name":"Yuri Berry","employee_salary":"675000","employee_age":"40","profile_image":""},{"id":"23","employee_name":"Caesar Vance","employee_salary":"106450","employee_age":"21","profile_image":""},{"id":"24","employee_name":"Doris Wilder","employee_salary":"85600","employee_age":"23","profile_image":""}]}
2020-11-23 02:03:39 INFO  EmployeesRestAPI:80 - ***********  Content-Encoding **********
2020-11-23 02:03:39 INFO  EmployeesRestAPI:82 - Content-Encoding=>gzip
2020-11-23 02:03:39 INFO  EmployeesRestAPI:73 - ***********  Content Length **********
2020-11-23 02:03:39 INFO  EmployeesRestAPI:75 - Content Length=>595
2020-11-23 02:03:39 INFO  EmployeesRestAPI:59 - ***********  Checking Content Type **********
2020-11-23 02:03:39 INFO  EmployeesRestAPI:61 - Content-Type=>application/json;charset=utf-8
2020-11-23 02:03:39 INFO  EmployeesRestAPI:66 - ***********  Checking Server **********
2020-11-23 02:03:39 INFO  EmployeesRestAPI:68 - server=>nginx/1.16.0
2020-11-23 02:03:39 INFO  EmployeesRestAPI:33 - Status Check Code Validation
2020-11-23 02:03:39 INFO  EmployeesRestAPI:35 - Status Code =>200
2020-11-23 02:03:39 INFO  EmployeesRestAPI:41 - Validating Status Check line
2020-11-23 02:03:39 INFO  EmployeesRestAPI:43 - Status Line=>HTTP/1.1 200 OK
2020-11-23 02:03:39 INFO  EmployeesRestAPI:50 - Validating Response Time
2020-11-23 02:04:28 INFO  EmployeesRestAPI:15 - *********Started TC001_Get_All_Employees **********
2020-11-23 02:04:31 INFO  EmployeesRestAPI:25 - -----------Checking Body-------
2020-11-23 02:04:31 INFO  EmployeesRestAPI:27 - Response Body =>{"status":"success","data":[{"id":"1","employee_name":"Tiger Nixon","employee_salary":"320800","employee_age":"61","profile_image":""},{"id":"2","employee_name":"Garrett Winters","employee_salary":"170750","employee_age":"63","profile_image":""},{"id":"3","employee_name":"Ashton Cox","employee_salary":"86000","employee_age":"66","profile_image":""},{"id":"4","employee_name":"Cedric Kelly","employee_salary":"433060","employee_age":"22","profile_image":""},{"id":"5","employee_name":"Airi Satou","employee_salary":"162700","employee_age":"33","profile_image":""},{"id":"6","employee_name":"Brielle Williamson","employee_salary":"372000","employee_age":"61","profile_image":""},{"id":"7","employee_name":"Herrod Chandler","employee_salary":"137500","employee_age":"59","profile_image":""},{"id":"8","employee_name":"Rhona Davidson","employee_salary":"327900","employee_age":"55","profile_image":""},{"id":"9","employee_name":"Colleen Hurst","employee_salary":"205500","employee_age":"39","profile_image":""},{"id":"10","employee_name":"Sonya Frost","employee_salary":"103600","employee_age":"23","profile_image":""},{"id":"11","employee_name":"Jena Gaines","employee_salary":"90560","employee_age":"30","profile_image":""},{"id":"12","employee_name":"Quinn Flynn","employee_salary":"342000","employee_age":"22","profile_image":""},{"id":"13","employee_name":"Charde Marshall","employee_salary":"470600","employee_age":"36","profile_image":""},{"id":"14","employee_name":"Haley Kennedy","employee_salary":"313500","employee_age":"43","profile_image":""},{"id":"15","employee_name":"Tatyana Fitzpatrick","employee_salary":"385750","employee_age":"19","profile_image":""},{"id":"16","employee_name":"Michael Silva","employee_salary":"198500","employee_age":"66","profile_image":""},{"id":"17","employee_name":"Paul Byrd","employee_salary":"725000","employee_age":"64","profile_image":""},{"id":"18","employee_name":"Gloria Little","employee_salary":"237500","employee_age":"59","profile_image":""},{"id":"19","employee_name":"Bradley Greer","employee_salary":"132000","employee_age":"41","profile_image":""},{"id":"20","employee_name":"Dai Rios","employee_salary":"217500","employee_age":"35","profile_image":""},{"id":"21","employee_name":"Jenette Caldwell","employee_salary":"345000","employee_age":"30","profile_image":""},{"id":"22","employee_name":"Yuri Berry","employee_salary":"675000","employee_age":"40","profile_image":""},{"id":"23","employee_name":"Caesar Vance","employee_salary":"106450","employee_age":"21","profile_image":""},{"id":"24","employee_name":"Doris Wilder","employee_salary":"85600","employee_age":"23","profile_image":""}]}
2020-11-23 02:04:31 INFO  EmployeesRestAPI:80 - ***********  Content-Encoding **********
2020-11-23 02:04:31 INFO  EmployeesRestAPI:82 - Content-Encoding=>gzip
2020-11-23 02:04:31 INFO  EmployeesRestAPI:73 - ***********  Content Length **********
2020-11-23 02:04:31 INFO  EmployeesRestAPI:75 - Content Length=>595
2020-11-23 02:04:31 INFO  EmployeesRestAPI:59 - ***********  Checking Content Type **********
2020-11-23 02:04:31 INFO  EmployeesRestAPI:61 - Content-Type=>application/json;charset=utf-8
2020-11-23 02:04:31 INFO  EmployeesRestAPI:66 - ***********  Checking Server **********
2020-11-23 02:04:31 INFO  EmployeesRestAPI:68 - server=>nginx/1.16.0
2020-11-23 02:04:31 INFO  EmployeesRestAPI:33 - Status Check Code Validation
2020-11-23 02:04:31 INFO  EmployeesRestAPI:35 - Status Code =>200
2020-11-23 02:04:31 INFO  EmployeesRestAPI:41 - Validating Status Check line
2020-11-23 02:04:31 INFO  EmployeesRestAPI:43 - Status Line=>HTTP/1.1 200 OK
2020-11-23 02:04:31 INFO  EmployeesRestAPI:50 - Validating Response Time
2020-11-23 02:22:38 INFO  EmployeesRestAPI:21 - *********Started TC001_Get_All_Employees **********
2020-11-23 02:24:38 INFO  EmployeesRestAPI:22 - *********Started TC001_Get_All_Employees **********
2020-11-23 02:25:49 INFO  EmployeesRestAPI:23 - *********Started TC003_Create User **********
2020-11-23 02:25:59 INFO  EmployeesRestAPI:49 - -----------Checking Body-------
2020-11-23 02:25:59 INFO  EmployeesRestAPI:51 - Response Body =>{"status":"success","data":{"name":"John63","salary":"79001","age":"52","id":3425},"message":"Successfully! Record has been added."}
2020-11-23 02:25:59 INFO  EmployeesRestAPI:104 - ***********  Content-Encoding **********
2020-11-23 02:25:59 INFO  EmployeesRestAPI:106 - Content-Encoding=>null
2020-11-23 02:26:00 INFO  EmployeesRestAPI:97 - ***********  Content Length **********
2020-11-23 02:26:00 INFO  EmployeesRestAPI:99 - Content Length=>132
2020-11-23 02:26:00 INFO  EmployeesRestAPI:83 - ***********  Checking Content Type **********
2020-11-23 02:26:00 INFO  EmployeesRestAPI:85 - Content-Type=>application/json
2020-11-23 02:26:00 INFO  EmployeesRestAPI:90 - ***********  Checking Server **********
2020-11-23 02:26:00 INFO  EmployeesRestAPI:92 - server=>nginx/1.16.0
2020-11-23 02:26:00 INFO  EmployeesRestAPI:57 - Status Check Code Validation
2020-11-23 02:26:00 INFO  EmployeesRestAPI:59 - Status Code =>200
2020-11-23 02:26:00 INFO  EmployeesRestAPI:65 - Validating Status Check line
2020-11-23 02:26:00 INFO  EmployeesRestAPI:67 - Status Line=>HTTP/1.1 200 OK
2020-11-23 02:26:00 INFO  EmployeesRestAPI:74 - Validating Response Time
2020-11-23 02:26:00 WARN  EmployeesRestAPI:77 - Response time is greater than 2000 ms
2020-11-23 02:32:31 INFO  EmployeesRestAPI:16 - *********Started TC001_Get_All_Employees **********
2020-11-23 02:32:34 INFO  EmployeesRestAPI:26 - -----------Checking Body-------
2020-11-23 02:32:34 INFO  EmployeesRestAPI:28 - Response Body =>{"status":"success","data":[{"id":"1","employee_name":"Tiger Nixon","employee_salary":"320800","employee_age":"61","profile_image":""},{"id":"2","employee_name":"Garrett Winters","employee_salary":"170750","employee_age":"63","profile_image":""},{"id":"3","employee_name":"Ashton Cox","employee_salary":"86000","employee_age":"66","profile_image":""},{"id":"4","employee_name":"Cedric Kelly","employee_salary":"433060","employee_age":"22","profile_image":""},{"id":"5","employee_name":"Airi Satou","employee_salary":"162700","employee_age":"33","profile_image":""},{"id":"6","employee_name":"Brielle Williamson","employee_salary":"372000","employee_age":"61","profile_image":""},{"id":"7","employee_name":"Herrod Chandler","employee_salary":"137500","employee_age":"59","profile_image":""},{"id":"8","employee_name":"Rhona Davidson","employee_salary":"327900","employee_age":"55","profile_image":""},{"id":"9","employee_name":"Colleen Hurst","employee_salary":"205500","employee_age":"39","profile_image":""},{"id":"10","employee_name":"Sonya Frost","employee_salary":"103600","employee_age":"23","profile_image":""},{"id":"11","employee_name":"Jena Gaines","employee_salary":"90560","employee_age":"30","profile_image":""},{"id":"12","employee_name":"Quinn Flynn","employee_salary":"342000","employee_age":"22","profile_image":""},{"id":"13","employee_name":"Charde Marshall","employee_salary":"470600","employee_age":"36","profile_image":""},{"id":"14","employee_name":"Haley Kennedy","employee_salary":"313500","employee_age":"43","profile_image":""},{"id":"15","employee_name":"Tatyana Fitzpatrick","employee_salary":"385750","employee_age":"19","profile_image":""},{"id":"16","employee_name":"Michael Silva","employee_salary":"198500","employee_age":"66","profile_image":""},{"id":"17","employee_name":"Paul Byrd","employee_salary":"725000","employee_age":"64","profile_image":""},{"id":"18","employee_name":"Gloria Little","employee_salary":"237500","employee_age":"59","profile_image":""},{"id":"19","employee_name":"Bradley Greer","employee_salary":"132000","employee_age":"41","profile_image":""},{"id":"20","employee_name":"Dai Rios","employee_salary":"217500","employee_age":"35","profile_image":""},{"id":"21","employee_name":"Jenette Caldwell","employee_salary":"345000","employee_age":"30","profile_image":""},{"id":"22","employee_name":"Yuri Berry","employee_salary":"675000","employee_age":"40","profile_image":""},{"id":"23","employee_name":"Caesar Vance","employee_salary":"106450","employee_age":"21","profile_image":""},{"id":"24","employee_name":"Doris Wilder","employee_salary":"85600","employee_age":"23","profile_image":""}]}
2020-11-23 02:32:34 INFO  EmployeesRestAPI:81 - ***********  Content-Encoding **********
2020-11-23 02:32:34 INFO  EmployeesRestAPI:83 - Content-Encoding=>gzip
2020-11-23 02:32:34 INFO  EmployeesRestAPI:74 - ***********  Content Length **********
2020-11-23 02:32:34 INFO  EmployeesRestAPI:76 - Content Length=>595
2020-11-23 02:32:34 INFO  EmployeesRestAPI:60 - ***********  Checking Content Type **********
2020-11-23 02:32:34 INFO  EmployeesRestAPI:62 - Content-Type=>application/json;charset=utf-8
2020-11-23 02:32:34 INFO  EmployeesRestAPI:67 - ***********  Checking Server **********
2020-11-23 02:32:34 INFO  EmployeesRestAPI:69 - server=>nginx/1.16.0
2020-11-23 02:32:34 INFO  EmployeesRestAPI:34 - Status Check Code Validation
2020-11-23 02:32:34 INFO  EmployeesRestAPI:36 - Status Code =>200
2020-11-23 02:32:34 INFO  EmployeesRestAPI:42 - Validating Status Check line
2020-11-23 02:32:34 INFO  EmployeesRestAPI:44 - Status Line=>HTTP/1.1 200 OK
2020-11-23 02:32:34 INFO  EmployeesRestAPI:51 - Validating Response Time
2020-11-23 02:32:34 INFO  EmployeesRestAPI:23 - *********Started TC003_Create User **********
2020-11-23 02:32:43 INFO  EmployeesRestAPI:49 - -----------Checking Body-------
2020-11-23 02:32:43 INFO  EmployeesRestAPI:51 - Response Body =>{"status":"success","data":{"name":"JohnFo","salary":"65376","age":"0U","id":532},"message":"Successfully! Record has been added."}
2020-11-23 02:32:43 INFO  EmployeesRestAPI:83 - ***********  Checking Content Type **********
2020-11-23 02:32:43 INFO  EmployeesRestAPI:85 - Content-Type=>application/json
2020-11-23 02:32:43 INFO  EmployeesRestAPI:90 - ***********  Checking Server **********
2020-11-23 02:32:43 INFO  EmployeesRestAPI:92 - server=>nginx/1.16.0
2020-11-23 02:32:43 INFO  EmployeesRestAPI:57 - Status Check Code Validation
2020-11-23 02:32:43 INFO  EmployeesRestAPI:59 - Status Code =>200
2020-11-23 02:32:43 INFO  EmployeesRestAPI:65 - Validating Status Check line
2020-11-23 02:32:43 INFO  EmployeesRestAPI:67 - Status Line=>HTTP/1.1 200 OK
2020-11-23 02:32:43 INFO  EmployeesRestAPI:74 - Validating Response Time
2020-11-23 02:32:43 WARN  EmployeesRestAPI:77 - Response time is greater than 2000 ms
2020-11-23 02:34:55 INFO  EmployeesRestAPI:16 - *********Started TC001_Get_All_Employees **********
2020-11-23 02:34:59 INFO  EmployeesRestAPI:26 - -----------Checking Body-------
2020-11-23 02:34:59 INFO  EmployeesRestAPI:28 - Response Body =>{"status":"success","data":[{"id":"1","employee_name":"Tiger Nixon","employee_salary":"320800","employee_age":"61","profile_image":""},{"id":"2","employee_name":"Garrett Winters","employee_salary":"170750","employee_age":"63","profile_image":""},{"id":"3","employee_name":"Ashton Cox","employee_salary":"86000","employee_age":"66","profile_image":""},{"id":"4","employee_name":"Cedric Kelly","employee_salary":"433060","employee_age":"22","profile_image":""},{"id":"5","employee_name":"Airi Satou","employee_salary":"162700","employee_age":"33","profile_image":""},{"id":"6","employee_name":"Brielle Williamson","employee_salary":"372000","employee_age":"61","profile_image":""},{"id":"7","employee_name":"Herrod Chandler","employee_salary":"137500","employee_age":"59","profile_image":""},{"id":"8","employee_name":"Rhona Davidson","employee_salary":"327900","employee_age":"55","profile_image":""},{"id":"9","employee_name":"Colleen Hurst","employee_salary":"205500","employee_age":"39","profile_image":""},{"id":"10","employee_name":"Sonya Frost","employee_salary":"103600","employee_age":"23","profile_image":""},{"id":"11","employee_name":"Jena Gaines","employee_salary":"90560","employee_age":"30","profile_image":""},{"id":"12","employee_name":"Quinn Flynn","employee_salary":"342000","employee_age":"22","profile_image":""},{"id":"13","employee_name":"Charde Marshall","employee_salary":"470600","employee_age":"36","profile_image":""},{"id":"14","employee_name":"Haley Kennedy","employee_salary":"313500","employee_age":"43","profile_image":""},{"id":"15","employee_name":"Tatyana Fitzpatrick","employee_salary":"385750","employee_age":"19","profile_image":""},{"id":"16","employee_name":"Michael Silva","employee_salary":"198500","employee_age":"66","profile_image":""},{"id":"17","employee_name":"Paul Byrd","employee_salary":"725000","employee_age":"64","profile_image":""},{"id":"18","employee_name":"Gloria Little","employee_salary":"237500","employee_age":"59","profile_image":""},{"id":"19","employee_name":"Bradley Greer","employee_salary":"132000","employee_age":"41","profile_image":""},{"id":"20","employee_name":"Dai Rios","employee_salary":"217500","employee_age":"35","profile_image":""},{"id":"21","employee_name":"Jenette Caldwell","employee_salary":"345000","employee_age":"30","profile_image":""},{"id":"22","employee_name":"Yuri Berry","employee_salary":"675000","employee_age":"40","profile_image":""},{"id":"23","employee_name":"Caesar Vance","employee_salary":"106450","employee_age":"21","profile_image":""},{"id":"24","employee_name":"Doris Wilder","employee_salary":"85600","employee_age":"23","profile_image":""}]}
2020-11-23 02:34:59 INFO  EmployeesRestAPI:81 - ***********  Content-Encoding **********
2020-11-23 02:34:59 INFO  EmployeesRestAPI:83 - Content-Encoding=>gzip
2020-11-23 02:34:59 INFO  EmployeesRestAPI:74 - ***********  Content Length **********
2020-11-23 02:34:59 INFO  EmployeesRestAPI:76 - Content Length=>595
2020-11-23 02:34:59 INFO  EmployeesRestAPI:60 - ***********  Checking Content Type **********
2020-11-23 02:34:59 INFO  EmployeesRestAPI:62 - Content-Type=>application/json;charset=utf-8
2020-11-23 02:34:59 INFO  EmployeesRestAPI:67 - ***********  Checking Server **********
2020-11-23 02:34:59 INFO  EmployeesRestAPI:69 - server=>nginx/1.16.0
2020-11-23 02:34:59 INFO  EmployeesRestAPI:34 - Status Check Code Validation
2020-11-23 02:34:59 INFO  EmployeesRestAPI:36 - Status Code =>200
2020-11-23 02:34:59 INFO  EmployeesRestAPI:42 - Validating Status Check line
2020-11-23 02:34:59 INFO  EmployeesRestAPI:44 - Status Line=>HTTP/1.1 200 OK
2020-11-23 02:34:59 INFO  EmployeesRestAPI:51 - Validating Response Time
2020-11-23 02:34:59 INFO  EmployeesRestAPI:23 - *********Started TC003_Create User **********
2020-11-23 02:35:07 INFO  EmployeesRestAPI:49 - -----------Checking Body-------
2020-11-23 02:35:07 INFO  EmployeesRestAPI:51 - Response Body =>{"status":"success","data":{"name":"JohnWU","salary":"16253","age":"K8","id":3169},"message":"Successfully! Record has been added."}
2020-11-23 02:35:07 INFO  EmployeesRestAPI:83 - ***********  Checking Content Type **********
2020-11-23 02:35:07 INFO  EmployeesRestAPI:85 - Content-Type=>application/json
2020-11-23 02:35:07 INFO  EmployeesRestAPI:90 - ***********  Checking Server **********
2020-11-23 02:35:07 INFO  EmployeesRestAPI:92 - server=>nginx/1.16.0
2020-11-23 02:35:07 INFO  EmployeesRestAPI:57 - Status Check Code Validation
2020-11-23 02:35:07 INFO  EmployeesRestAPI:59 - Status Code =>200
2020-11-23 02:35:07 INFO  EmployeesRestAPI:65 - Validating Status Check line
2020-11-23 02:35:07 INFO  EmployeesRestAPI:67 - Status Line=>HTTP/1.1 200 OK
2020-11-23 02:35:07 INFO  EmployeesRestAPI:74 - Validating Response Time
2020-11-23 02:35:07 WARN  EmployeesRestAPI:77 - Response time is greater than 2000 ms
2020-11-23 03:00:17 INFO  EmployeesRestAPI:16 - *********Started TC001_Get_All_Employees **********
2020-11-23 03:00:21 INFO  EmployeesRestAPI:26 - -----------Checking Body-------
2020-11-23 03:00:21 INFO  EmployeesRestAPI:28 - Response Body =>{"status":"success","data":[{"id":"1","employee_name":"Tiger Nixon","employee_salary":"320800","employee_age":"61","profile_image":""},{"id":"2","employee_name":"Garrett Winters","employee_salary":"170750","employee_age":"63","profile_image":""},{"id":"3","employee_name":"Ashton Cox","employee_salary":"86000","employee_age":"66","profile_image":""},{"id":"4","employee_name":"Cedric Kelly","employee_salary":"433060","employee_age":"22","profile_image":""},{"id":"5","employee_name":"Airi Satou","employee_salary":"162700","employee_age":"33","profile_image":""},{"id":"6","employee_name":"Brielle Williamson","employee_salary":"372000","employee_age":"61","profile_image":""},{"id":"7","employee_name":"Herrod Chandler","employee_salary":"137500","employee_age":"59","profile_image":""},{"id":"8","employee_name":"Rhona Davidson","employee_salary":"327900","employee_age":"55","profile_image":""},{"id":"9","employee_name":"Colleen Hurst","employee_salary":"205500","employee_age":"39","profile_image":""},{"id":"10","employee_name":"Sonya Frost","employee_salary":"103600","employee_age":"23","profile_image":""},{"id":"11","employee_name":"Jena Gaines","employee_salary":"90560","employee_age":"30","profile_image":""},{"id":"12","employee_name":"Quinn Flynn","employee_salary":"342000","employee_age":"22","profile_image":""},{"id":"13","employee_name":"Charde Marshall","employee_salary":"470600","employee_age":"36","profile_image":""},{"id":"14","employee_name":"Haley Kennedy","employee_salary":"313500","employee_age":"43","profile_image":""},{"id":"15","employee_name":"Tatyana Fitzpatrick","employee_salary":"385750","employee_age":"19","profile_image":""},{"id":"16","employee_name":"Michael Silva","employee_salary":"198500","employee_age":"66","profile_image":""},{"id":"17","employee_name":"Paul Byrd","employee_salary":"725000","employee_age":"64","profile_image":""},{"id":"18","employee_name":"Gloria Little","employee_salary":"237500","employee_age":"59","profile_image":""},{"id":"19","employee_name":"Bradley Greer","employee_salary":"132000","employee_age":"41","profile_image":""},{"id":"20","employee_name":"Dai Rios","employee_salary":"217500","employee_age":"35","profile_image":""},{"id":"21","employee_name":"Jenette Caldwell","employee_salary":"345000","employee_age":"30","profile_image":""},{"id":"22","employee_name":"Yuri Berry","employee_salary":"675000","employee_age":"40","profile_image":""},{"id":"23","employee_name":"Caesar Vance","employee_salary":"106450","employee_age":"21","profile_image":""},{"id":"24","employee_name":"Doris Wilder","employee_salary":"85600","employee_age":"23","profile_image":""}]}
2020-11-23 03:00:22 INFO  EmployeesRestAPI:81 - ***********  Content-Encoding **********
2020-11-23 03:00:22 INFO  EmployeesRestAPI:83 - Content-Encoding=>gzip
2020-11-23 03:00:22 INFO  EmployeesRestAPI:74 - ***********  Content Length **********
2020-11-23 03:00:22 INFO  EmployeesRestAPI:76 - Content Length=>595
2020-11-23 03:00:22 INFO  EmployeesRestAPI:60 - ***********  Checking Content Type **********
2020-11-23 03:00:22 INFO  EmployeesRestAPI:62 - Content-Type=>application/json;charset=utf-8
2020-11-23 03:00:22 INFO  EmployeesRestAPI:67 - ***********  Checking Server **********
2020-11-23 03:00:22 INFO  EmployeesRestAPI:69 - server=>nginx/1.16.0
2020-11-23 03:00:22 INFO  EmployeesRestAPI:34 - Status Check Code Validation
2020-11-23 03:00:22 INFO  EmployeesRestAPI:36 - Status Code =>200
2020-11-23 03:00:22 INFO  EmployeesRestAPI:42 - Validating Status Check line
2020-11-23 03:00:22 INFO  EmployeesRestAPI:44 - Status Line=>HTTP/1.1 200 OK
2020-11-23 03:00:22 INFO  EmployeesRestAPI:51 - Validating Response Time
2020-11-23 03:00:22 INFO  EmployeesRestAPI:23 - *********Started TC003_Create User **********
2020-11-23 03:00:31 INFO  EmployeesRestAPI:49 - -----------Checking Body-------
2020-11-23 03:00:31 INFO  EmployeesRestAPI:51 - Response Body =>{"status":"success","data":{"name":"John9E","salary":"67319","age":"nB","id":9009},"message":"Successfully! Record has been added."}
2020-11-23 03:00:31 INFO  EmployeesRestAPI:83 - ***********  Checking Content Type **********
2020-11-23 03:00:31 INFO  EmployeesRestAPI:85 - Content-Type=>application/json
2020-11-23 03:00:31 INFO  EmployeesRestAPI:90 - ***********  Checking Server **********
2020-11-23 03:00:31 INFO  EmployeesRestAPI:92 - server=>nginx/1.16.0
2020-11-23 03:00:31 INFO  EmployeesRestAPI:57 - Status Check Code Validation
2020-11-23 03:00:31 INFO  EmployeesRestAPI:59 - Status Code =>200
2020-11-23 03:00:31 INFO  EmployeesRestAPI:65 - Validating Status Check line
2020-11-23 03:00:31 INFO  EmployeesRestAPI:67 - Status Line=>HTTP/1.1 200 OK
2020-11-23 03:00:31 INFO  EmployeesRestAPI:74 - Validating Response Time
2020-11-23 03:00:31 WARN  EmployeesRestAPI:77 - Response time is greater than 2000 ms
2020-11-23 03:03:18 INFO  EmployeesRestAPI:16 - *********Started TC001_Get_All_Employees **********
2020-11-23 03:03:21 INFO  EmployeesRestAPI:26 - -----------Checking Body-------
2020-11-23 03:03:21 INFO  EmployeesRestAPI:28 - Response Body =>{"status":"success","data":[{"id":"1","employee_name":"Tiger Nixon","employee_salary":"320800","employee_age":"61","profile_image":""},{"id":"2","employee_name":"Garrett Winters","employee_salary":"170750","employee_age":"63","profile_image":""},{"id":"3","employee_name":"Ashton Cox","employee_salary":"86000","employee_age":"66","profile_image":""},{"id":"4","employee_name":"Cedric Kelly","employee_salary":"433060","employee_age":"22","profile_image":""},{"id":"5","employee_name":"Airi Satou","employee_salary":"162700","employee_age":"33","profile_image":""},{"id":"6","employee_name":"Brielle Williamson","employee_salary":"372000","employee_age":"61","profile_image":""},{"id":"7","employee_name":"Herrod Chandler","employee_salary":"137500","employee_age":"59","profile_image":""},{"id":"8","employee_name":"Rhona Davidson","employee_salary":"327900","employee_age":"55","profile_image":""},{"id":"9","employee_name":"Colleen Hurst","employee_salary":"205500","employee_age":"39","profile_image":""},{"id":"10","employee_name":"Sonya Frost","employee_salary":"103600","employee_age":"23","profile_image":""},{"id":"11","employee_name":"Jena Gaines","employee_salary":"90560","employee_age":"30","profile_image":""},{"id":"12","employee_name":"Quinn Flynn","employee_salary":"342000","employee_age":"22","profile_image":""},{"id":"13","employee_name":"Charde Marshall","employee_salary":"470600","employee_age":"36","profile_image":""},{"id":"14","employee_name":"Haley Kennedy","employee_salary":"313500","employee_age":"43","profile_image":""},{"id":"15","employee_name":"Tatyana Fitzpatrick","employee_salary":"385750","employee_age":"19","profile_image":""},{"id":"16","employee_name":"Michael Silva","employee_salary":"198500","employee_age":"66","profile_image":""},{"id":"17","employee_name":"Paul Byrd","employee_salary":"725000","employee_age":"64","profile_image":""},{"id":"18","employee_name":"Gloria Little","employee_salary":"237500","employee_age":"59","profile_image":""},{"id":"19","employee_name":"Bradley Greer","employee_salary":"132000","employee_age":"41","profile_image":""},{"id":"20","employee_name":"Dai Rios","employee_salary":"217500","employee_age":"35","profile_image":""},{"id":"21","employee_name":"Jenette Caldwell","employee_salary":"345000","employee_age":"30","profile_image":""},{"id":"22","employee_name":"Yuri Berry","employee_salary":"675000","employee_age":"40","profile_image":""},{"id":"23","employee_name":"Caesar Vance","employee_salary":"106450","employee_age":"21","profile_image":""},{"id":"24","employee_name":"Doris Wilder","employee_salary":"85600","employee_age":"23","profile_image":""}]}
2020-11-23 03:03:21 INFO  EmployeesRestAPI:81 - ***********  Content-Encoding **********
2020-11-23 03:03:21 INFO  EmployeesRestAPI:83 - Content-Encoding=>gzip
2020-11-23 03:03:21 INFO  EmployeesRestAPI:74 - ***********  Content Length **********
2020-11-23 03:03:21 INFO  EmployeesRestAPI:76 - Content Length=>595
2020-11-23 03:03:21 INFO  EmployeesRestAPI:60 - ***********  Checking Content Type **********
2020-11-23 03:03:21 INFO  EmployeesRestAPI:62 - Content-Type=>application/json;charset=utf-8
2020-11-23 03:03:21 INFO  EmployeesRestAPI:67 - ***********  Checking Server **********
2020-11-23 03:03:21 INFO  EmployeesRestAPI:69 - server=>nginx/1.16.0
2020-11-23 03:03:21 INFO  EmployeesRestAPI:34 - Status Check Code Validation
2020-11-23 03:03:21 INFO  EmployeesRestAPI:36 - Status Code =>200
2020-11-23 03:03:21 INFO  EmployeesRestAPI:42 - Validating Status Check line
2020-11-23 03:03:21 INFO  EmployeesRestAPI:44 - Status Line=>HTTP/1.1 200 OK
2020-11-23 03:03:21 INFO  EmployeesRestAPI:51 - Validating Response Time
2020-11-23 03:03:21 INFO  EmployeesRestAPI:23 - *********Started TC003_Create User **********
2020-11-23 03:03:28 INFO  EmployeesRestAPI:49 - -----------Checking Body-------
2020-11-23 03:03:28 INFO  EmployeesRestAPI:51 - Response Body =>{"status":"success","data":{"name":"JohnuT","salary":"55993","age":"JR","id":3010},"message":"Successfully! Record has been added."}
2020-11-23 03:03:28 INFO  EmployeesRestAPI:83 - ***********  Checking Content Type **********
2020-11-23 03:03:28 INFO  EmployeesRestAPI:85 - Content-Type=>application/json
2020-11-23 03:03:28 INFO  EmployeesRestAPI:90 - ***********  Checking Server **********
2020-11-23 03:03:28 INFO  EmployeesRestAPI:92 - server=>nginx/1.16.0
2020-11-23 03:03:28 INFO  EmployeesRestAPI:57 - Status Check Code Validation
2020-11-23 03:03:28 INFO  EmployeesRestAPI:59 - Status Code =>200
2020-11-23 03:03:28 INFO  EmployeesRestAPI:65 - Validating Status Check line
2020-11-23 03:03:28 INFO  EmployeesRestAPI:67 - Status Line=>HTTP/1.1 200 OK
2020-11-23 03:03:28 INFO  EmployeesRestAPI:74 - Validating Response Time
